app/build/outputs/mapping/release/seeds.txt
app.vercel.form_builder_sigma_five.twa.DelegationService
app.vercel.form_builder_sigma_five.twa.Application
app.vercel.form_builder_sigma_five.twa.LauncherActivity
app.vercel.form_builder_sigma_five.twa.DelegationService: DelegationService()
app.vercel.form_builder_sigma_five.twa.Application: Application()
app.vercel.form_builder_sigma_five.twa.LauncherActivity: LauncherActivity()
...
androidx.core.content.FileProvider
com.google.android.gms.location.LocationAvailability
androidx.lifecycle.LiveData$LifecycleBoundObserver
com.google.android.gms.common.api.internal.LifecycleCallback
com.google.android.gms.common.api.internal.BasePendingResult
androidx.core.app.RemoteActionCompat
com.google.android.gms.common.GooglePlayServicesIncorrectManifestValueException
com.google.android.gms.common.api.Status
androidx.core.graphics.drawable.IconCompat
com.google.androidbrowserhelper.trusted.FocusActivity
androidx.lifecycle.SingleGeneratedAdapterObserver
androidx.core.app.RemoteActionCompatParcelizer
androidx.core.app.CoreComponentFactory
android.support.v4.app.RemoteActionCompatParcelizer
androidx.lifecycle.CompositeGeneratedAdaptersObserver
com.google.androidbrowserhelper.trusted.NotificationPermissionRequestActivity
com.google.android.gms.common.annotation.KeepName
androidx.browser.browseractions.BrowserActionsFallbackMenuView
androidx.annotation.Keep
com.google.androidbrowserhelper.trusted.WebViewFallbackActivity
com.google.android.gms.common.GooglePlayServicesMissingManifestValueException
com.google.android.gms.location.LocationRequest
androidx.core.graphics.drawable.IconCompatParcelizer
com.google.androidbrowserhelper.locationdelegation.PermissionRequestActivity
com.google.android.gms.auth.api.signin.GoogleSignInAccount
com.google.android.gms.common.api.GoogleApiActivity
com.google.androidbrowserhelper.trusted.ManageDataLauncherActivity
com.google.android.gms.common.internal.ReflectedParcelable
com.google.android.gms.common.api.Scope
com.google.android.gms.location.LocationResult
androidx.versionedparcelable.CustomVersionedParcelable
android.support.v4.graphics.drawable.IconCompatParcelizer
androidx.lifecycle.FullLifecycleObserverAdapter
com.google.android.gms.dynamite.DynamiteModule$DynamiteLoaderClassLoader
androidx.lifecycle.ReflectiveGenericLifecycleObserver
com.google.android.gms.common.util.DynamiteApi
androidx.versionedparcelable.ParcelImpl
com.google.android.gms.common.GooglePlayServicesManifestException
com.google.android.gms.signin.internal.zaa: android.os.Parcelable$Creator CREATOR
com.google.android.gms.signin.internal.zai: android.os.Parcelable$Creator CREATOR
com.google.android.gms.internal.location.zzdf: android.os.Parcelable$Creator CREATOR
com.google.android.gms.common.internal.TelemetryData: android.os.Parcelable$Creator CREATOR
com.google.android.gms.location.LocationAvailability: android.os.Parcelable$Creator CREATOR
com.google.android.gms.location.LastLocationRequest: android.os.Parcelable$Creator CREATOR
com.google.android.gms.common.internal.ConnectionTelemetryConfiguration: android.os.Parcelable$Creator CREATOR
androidx.versionedparcelable.ParcelImpl: android.os.Parcelable$Creator CREATOR
com.google.android.gms.common.internal.zat: android.os.Parcelable$Creator CREATOR
com.google.android.gms.location.LocationResult: android.os.Parcelable$Creator CREATOR
com.google.android.gms.internal.location.zzdd: android.os.Parcelable$Creator CREATOR
com.google.android.gms.common.Feature: android.os.Parcelable$Creator CREATOR
com.google.android.gms.location.zzac: android.os.Parcelable$Creator CREATOR
com.google.android.gms.common.internal.GetServiceRequest: android.os.Parcelable$Creator CREATOR
com.google.android.gms.dynamite.DynamiteModule$DynamiteLoaderClassLoader: java.lang.ClassLoader sClassLoader
com.google.android.gms.common.api.Status: android.os.Parcelable$Creator CREATOR
com.google.android.gms.common.internal.RootTelemetryConfiguration: android.os.Parcelable$Creator CREATOR
com.google.android.gms.auth.api.signin.GoogleSignInAccount: android.os.Parcelable$Creator CREATOR
com.google.android.gms.internal.location.zzd: android.os.Parcelable$Creator CREATOR
com.google.android.gms.common.internal.MethodInvocation: android.os.Parcelable$Creator CREATOR
com.google.android.gms.common.api.Scope: android.os.Parcelable$Creator CREATOR