app/build/outputs/mapping/release/mapping.txt
# compiler: R8
# compiler_version: 8.5.10
# min_api: 19
# common_typos_disable
# {"id":"com.android.tools.r8.mapping","version":"2.2"}
# pg_map_id: 797c7f7
# pg_map_hash: SHA-256 797c7f761a07e1c7fcfa5a5e8f6773f42a3a2018feea7759e43b3ea20b0fe643
app.vercel.form_builder_sigma_five.twa.Application -> app.vercel.form_builder_sigma_five.twa.Application:
# {"id":"sourceFile","fileName":"Application.java"}
app.vercel.form_builder_sigma_five.twa.DelegationService -> app.vercel.form_builder_sigma_five.twa.DelegationService:
# {"id":"sourceFile","fileName":"DelegationService.java"}
app.vercel.form_builder_sigma_five.twa.LauncherActivity -> app.vercel.form_builder_sigma_five.twa.LauncherActivity:
# {"id":"sourceFile","fileName":"LauncherActivity.java"}
    1:1:android.net.Uri getLaunchingUrl():0:0 -> h
...
com.google.android.gms.common.internal.zzo -> s.e0:
# {"id":"sourceFile","fileName":"com.google.android.gms:play-services-basement@@18.1.0"}
    java.util.Map zzb -> a
    int zzc -> b
    boolean zzd -> c
    android.os.IBinder zze -> d
    com.google.android.gms.common.internal.zzn zzf -> e
      # {"id":"com.android.tools.r8.residualsignature","signature":"Ls/c0;"}
    android.content.ComponentName zzg -> f
    com.google.android.gms.common.internal.zzr zza -> g
      # {"id":"com.android.tools.r8.residualsignature","signature":"Ls/h0;"}
    1:18:void <init>(com.google.android.gms.common.internal.zzr,com.google.android.gms.common.internal.zzn):0:0 -> <init>
      # {"id":"com.android.tools.r8.residualsignature","signature":"(Ls/h0;Ls/c0;)V"}
    1:3:int zza():0:0 -> a
    1:3:android.content.ComponentName zzb():0:0 -> b
    1:3:android.os.IBinder zzc():0:0 -> c
    1:6:void zzd(android.content.ServiceConnection,android.content.ServiceConnection,java.lang.String):0:0 -> d
    2:121:void zze(java.lang.String,java.util.concurrent.Executor):0:0 -> e
    1:6:void zzf(android.content.ServiceConnection,java.lang.String):0:0 -> f
    1:32:void zzg(java.lang.String):0:0 -> g
    1:7:boolean zzh(android.content.ServiceConnection):0:0 -> h
    1:7:boolean zzi():0:0 -> i
    1:3:boolean zzj():0:0 -> j
    1:59:void onServiceConnected(android.content.ComponentName,android.os.IBinder):0:0 -> onServiceConnected
com.google.android.gms.common.internal.zzo$$ExternalSyntheticApiModelOutline0 -> s.d0:
# {"id":"sourceFile","fileName":"R8$$SyntheticClass"}
# {"id":"com.android.tools.r8.synthesized"}
    1:1:android.os.StrictMode$VmPolicy$Builder s.zzo$$ExternalSyntheticApiModelOutline0.m(android.os.StrictMode$VmPolicy$Builder):0:0 -> a
      # {"id":"com.android.tools.r8.synthesized"}
com.google.android.gms.common.internal.zzp -> s.f0:
# {"id":"sourceFile","fileName":"com.google.android.gms:play-services-basement@@18.1.0"}
com.google.android.gms.common.internal.zzq -> s.g0:
# {"id":"sourceFile","fileName":"com.google.android.gms:play-services-basement@@18.1.0"}
    com.google.android.gms.common.internal.zzr zza -> a
      # {"id":"com.android.tools.r8.residualsignature","signature":"Ls/h0;"}
    1:6:void <init>(com.google.android.gms.common.internal.zzr,com.google.android.gms.common.internal.zzp):0:0 -> <init>
      # {"id":"com.android.tools.r8.residualsignature","signature":"(Ls/h0;Ls/f0;)V"}
    1:166:boolean handleMessage(android.os.Message):0:0 -> handleMessage
com.google.android.gms.common.internal.zzr -> s.h0:
# {"id":"sourceFile","fileName":"com.google.android.gms:play-services-basement@@18.1.0"}
    java.util.HashMap zzb -> f
    android.content.Context zzc -> g
    android.os.Handler zzd -> h
    com.google.android.gms.common.internal.zzq zze -> i
      # {"id":"com.android.tools.r8.residualsignature","signature":"Ls/g0;"}
    com.google.android.gms.common.stats.ConnectionTracker zzf -> j
      # {"id":"com.android.tools.r8.residualsignature","signature":"Lv/b;"}
    long zzg -> k
    long zzh -> l
    1:47:void <init>(android.content.Context,android.os.Looper):0:0 -> <init>
    1:108:void zza(com.google.android.gms.common.internal.zzn,android.content.ServiceConnection,java.lang.String):0:0 -> d
      # {"id":"com.android.tools.r8.residualsignature","signature":"(Ls/c0;Landroid/content/ServiceConnection;Ljava/lang/String;)V"}
    1:113:boolean zzc(com.google.android.gms.common.internal.zzn,android.content.ServiceConnection,java.lang.String,java.util.concurrent.Executor):0:0 -> f
      # {"id":"com.android.tools.r8.residualsignature","signature":"(Ls/c0;Landroid/content/ServiceConnection;Ljava/lang/String;Ljava/util/concurrent/Executor;)Z"}
    1:3:long zzd(com.google.android.gms.common.internal.zzr):0:0 -> g
      # {"id":"com.android.tools.r8.residualsignature","signature":"(Ls/h0;)J"}
    1:3:android.content.Context zze(com.google.android.gms.common.internal.zzr):0:0 -> h