app/build/outputs/mapping/release/usage.txt
app.vercel.form_builder_sigma_five.twa.R$bool
app.vercel.form_builder_sigma_five.twa.R$color
app.vercel.form_builder_sigma_five.twa.R$drawable
app.vercel.form_builder_sigma_five.twa.R$integer
app.vercel.form_builder_sigma_five.twa.R$mipmap
app.vercel.form_builder_sigma_five.twa.R$raw
app.vercel.form_builder_sigma_five.twa.R$string
app.vercel.form_builder_sigma_five.twa.R$xml
app.vercel.form_builder_sigma_five.twa.R
...
androidx.core.app.NotificationCompat$Extender
androidx.core.app.NotificationCompat$GroupAlertBehavior
androidx.core.app.NotificationCompat$InboxStyle
androidx.core.app.NotificationCompat$MessagingStyle$Message
androidx.core.app.NotificationCompat$MessagingStyle
androidx.core.app.NotificationCompat$NotificationVisibility
androidx.core.app.NotificationCompat$StreamType
androidx.core.app.NotificationCompat$Style:
    public android.widget.RemoteViews applyStandardTemplate(boolean,int,boolean)
    public android.app.Notification build()
    public void buildIntoRemoteViews(android.widget.RemoteViews,android.widget.RemoteViews)
    private int calculateTopPadding()
    private static float constrain(float,float,float)
    public android.graphics.Bitmap createColoredBitmap(int,int)
    private android.graphics.Bitmap createColoredBitmap(int,int,int)
    android.graphics.Bitmap createColoredBitmap(androidx.core.graphics.drawable.IconCompat,int)
    private android.graphics.Bitmap createColoredBitmap(androidx.core.graphics.drawable.IconCompat,int,int)
    private android.graphics.Bitmap createIconWithBackground(int,int,int,int)
    private void hideNormalContent(android.widget.RemoteViews)
    protected void restoreFromCompatExtras(android.os.Bundle)
androidx.core.app.NotificationCompat$WearableExtender
androidx.core.app.NotificationCompat:
    public static final int BADGE_ICON_LARGE
    public static final int BADGE_ICON_NONE
    public static final int BADGE_ICON_SMALL
    public static final java.lang.String CATEGORY_ALARM
    public static final java.lang.String CATEGORY_CALL
    public static final java.lang.String CATEGORY_EMAIL
    public static final java.lang.String CATEGORY_ERROR
    public static final java.lang.String CATEGORY_EVENT
    public static final java.lang.String CATEGORY_MESSAGE
    public static final java.lang.String CATEGORY_NAVIGATION
    public static final java.lang.String CATEGORY_PROGRESS
    public static final java.lang.String CATEGORY_PROMO
    public static final java.lang.String CATEGORY_RECOMMENDATION
    public static final java.lang.String CATEGORY_REMINDER
    public static final java.lang.String CATEGORY_SERVICE
    public static final java.lang.String CATEGORY_SOCIAL
    public static final java.lang.String CATEGORY_STATUS
    public static final java.lang.String CATEGORY_SYSTEM
    public static final java.lang.String CATEGORY_TRANSPORT
    public static final int COLOR_DEFAULT
    public static final int DEFAULT_ALL
    public static final int DEFAULT_LIGHTS
    public static final int DEFAULT_SOUND
    public static final int DEFAULT_VIBRATE
    public static final java.lang.String EXTRA_AUDIO_CONTENTS_URI
    public static final java.lang.String EXTRA_BACKGROUND_IMAGE_URI
    public static final java.lang.String EXTRA_BIG_TEXT
androidx.core.app.NotificationCompatExtras